Executing latest Jacoco+Badua (no empty probes): dataflow Coverage -> false
2020-04-13 21:33:28 DEBUG JRelifixMain$:32 - classpath: /Users/cuong/bugswarm/code/tananaev/traccar/target/classes_temp:/Users/cuong/bugswarm/code/tananaev/traccar/target/test-classes:/Users/cuong/bugswarm/tananaev-traccar-64783123-libs/jetty-all-server-8.1.16.v20140903.jar:/Users/cuong/bugswarm/tananaev-traccar-64783123-libs/javax.json-1.0.4.jar:/Users/cuong/bugswarm/tananaev-traccar-64783123-libs/c3p0-0.9.5.jar:/Users/cuong/bugswarm/tananaev-traccar-64783123-libs/h2-1.4.186.jar:/Users/cuong/bugswarm/tananaev-traccar-64783123-libs/junit-4.12.jar:/Users/cuong/bugswarm/tananaev-traccar-64783123-libs/mchange-commons-java-0.2.9.jar:/Users/cuong/bugswarm/tananaev-traccar-64783123-libs/log4j-1.2.17.jar:/Users/cuong/bugswarm/tananaev-traccar-64783123-libs/javax.security.auth.message-1.0.0.v201108011116.jar:/Users/cuong/bugswarm/tananaev-traccar-64783123-libs/javax.activation-1.1.0.v201105071233.jar:/Users/cuong/bugswarm/tananaev-traccar-64783123-libs/hamcrest-core-1.3.jar:/Users/cuong/bugswarm/tananaev-traccar-64783123-libs/netty-3.10.1.Final.jar:/Users/cuong/bugswarm/tananaev-traccar-64783123-libs/javax.servlet-3.0.0.v201112011016.jar:/Users/cuong/bugswarm/tananaev-traccar-64783123-libs/mysql-connector-java-5.1.35.jar:/Users/cuong/bugswarm/tananaev-traccar-64783123-libs/javax.annotation-1.1.0.v201108011116.jar:/Users/cuong/bugswarm/tananaev-traccar-64783123-libs/postgresql-9.3-1103-jdbc4.jar:/Users/cuong/bugswarm/tananaev-traccar-64783123-libs
2020-04-13 21:33:28 INFO  JRelifixMain$:34 - Parsing AST ...
2020-04-13 21:33:32 INFO  JRelifixMain$:39 - Done parsing AST!
2020-04-13 21:33:32 INFO  JRelifixMain$:41 - Building source file contents (ASTRewriter) ...
2020-04-13 21:33:32 INFO  JRelifixMain$:45 - Done building source file contents!
2020-04-13 21:33:32 INFO  JRelifixMain$:47 - Initializing Compiler/TestCases Invoker ...
2020-04-13 21:33:35 DEBUG TestCaseValidator:20 - Initially Reduced Tests: org.traccar.protocol.CastelProtocolDecoderTest#testDecode
2020-04-13 21:33:35 INFO  JRelifixMain$:73 - Done initializing!
2020-04-13 21:33:35 INFO  JRelifixMain$:75 - Initializing Collectors...
2020-04-13 21:33:42 DEBUG SeedsCollector:77 - Collected seeds: HashSet([ExpressionSeedIdentifier] channel != null, [VariableSeedIdentifier] msg, [VariableSeedIdentifier] version, [ExpressionSeedIdentifier] type == MSG_HEARTBEAT, [ExpressionSeedIdentifier] !identify(id.toString(Charset.defaultCharset())), [ExpressionSeedIdentifier] (flags & 0x02) == 0, [VariableSeedIdentifier] ctx, [VariableSeedIdentifier] flags, [VariableSeedIdentifier] channel, [VariableSeedIdentifier] lon, [ExpressionSeedIdentifier] (flags & 0x01) == 0, [VariableSeedIdentifier] type, [ExpressionSeedIdentifier] channel == null, [VariableSeedIdentifier] buf, [VariableSeedIdentifier] response, [VariableSeedIdentifier] id, [VariableSeedIdentifier] time, [VariableSeedIdentifier] position, [ExpressionSeedIdentifier] type == MSG_GPS, [VariableSeedIdentifier] protocol, [ExpressionSeedIdentifier] type == MSG_LOGIN, [VariableSeedIdentifier] remoteAddress, [VariableSeedIdentifier] lat)
z
2020-04-13 21:33:42 DEBUG ChangedSeedsCollector:61 - Update seed change status: [HashSet(MODIFIED)] channel == null
2020-04-13 21:33:42 DEBUG ChangedSeedsCollector:61 - Update seed change status: [HashSet(MOVED)] buf
2020-04-13 21:33:42 DEBUG ChangedSeedsCollector:61 - Update seed change status: [HashSet(ADDED)] response
2020-04-13 21:33:42 DEBUG ChangedSeedsCollector:86 - Update seed change status: [HashSet(REMOVED)] channel != null
2020-04-13 21:33:42 INFO  JRelifixMain$:84 - Done Initializing Collectors!
2020-04-13 21:33:42 INFO  JRelifixMain$:86 - Initializing Mutation Generator ...
2020-04-13 21:33:42 INFO  JRelifixMain$:88 - Done initializing!
2020-04-13 21:33:42 INFO  JRelifixMain$:90 - Trying to set up fault localization ...
2020-04-13 21:33:42 INFO  JRelifixMain$:142 - Doing localization with predefined faults...
2020-04-13 21:33:42 INFO  JRelifixMain$:179 - Done localization!
2020-04-13 21:33:42 INFO  JRelifixMain$:182 - Considering top 10 fault locations
2020-04-13 21:33:42 INFO  JRelifixMain$:92 - Finished fault localization!
2020-04-13 21:33:42 INFO  JRelifixMain$:93 - Transforming faults to Java Nodes ...
2020-04-13 21:33:42 INFO  JRelifixMain$:100 - Done Transforming!
2020-04-13 21:33:42 INFO  JRelifixMain$:101 - Faults after transforming to Java Nodes:
2020-04-13 21:33:42 INFO  JRelifixMain$:102 - net.bqc.jrelifix.identifier.fault.PredefinedFaultIdentifier@3052565e -> if (channel == null) {
  ChannelBuffer response=ChannelBuffers.directBuffer(ByteOrder.LITTLE_ENDIAN,41);
  response.writeByte(0x40);
  response.writeByte(0x40);
  response.writeShort(response.capacity());
  response.writeByte(version);
  response.writeBytes(id);
  response.writeShort(ChannelBuffers.swapShort(MSG_LOGIN_RESPONSE));
  response.writeInt(0xFFFFFFFF);
  response.writeShort(0);
  response.writeInt((int)(new Date().getTime() / 1000));
  response.writeShort(Crc.crc16Ccitt(response.toByteBuffer(0,response.writerIndex())));
  response.writeByte(0x0D);
  response.writeByte(0x0A);
  channel.write(response,remoteAddress);
}
2020-04-13 21:33:42 INFO  JRelifixMain$:105 - Running Repair Engine ...
2020-04-13 21:33:42 DEBUG JRelifixEngine:67 - Condition Expression Set for Engine: HashSet([ExpressionSeedIdentifier] channel != null, [ExpressionSeedIdentifier] channel == null)
2020-04-13 21:33:42 DEBUG JRelifixEngine:81 - Initial Operators: Queue(DELETE, NEGATE, SWAP, REVERT, ADDIF, ADDCON, CONVERT)
2020-04-13 21:33:42 DEBUG JRelifixEngine:82 - Secondary Operators: Queue(NEGATE, ADDIF, ADDCON, CONVERT)
2020-04-13 21:33:42 DEBUG JRelifixEngine:90 - [FAULT] Try: net.bqc.jrelifix.identifier.fault.PredefinedFaultIdentifier@3052565e -> if (channel == null) {
  ChannelBuffer response=ChannelBuffers.directBuffer(ByteOrder.LITTLE_ENDIAN,41);
  response.writeByte(0x40);
  response.writeByte(0x40);
  response.writeShort(response.capacity());
  response.writeByte(version);
  response.writeBytes(id);
  response.writeShort(ChannelBuffers.swapShort(MSG_LOGIN_RESPONSE));
  response.writeInt(0xFFFFFFFF);
  response.writeShort(0);
  response.writeInt((int)(new Date().getTime() / 1000));
  response.writeShort(Crc.crc16Ccitt(response.toByteBuffer(0,response.writerIndex())));
  response.writeByte(0x0D);
  response.writeByte(0x0A);
  channel.write(response,remoteAddress);
}
2020-04-13 21:33:42 DEBUG JRelifixEngine:98 - [OPERATOR] Candidates: Queue(ADDIF, SWAP, NEGATE, REVERT, ADDCON, DELETE, CONVERT)
2020-04-13 21:33:42 DEBUG JRelifixEngine:102 - [OPERATOR] Try: ADDIF
2020-04-13 21:33:42 DEBUG JRelifixEngine:60 - [OPERATOR PARAM] Chosen Condition: [ExpressionSeedIdentifier] channel == null
2020-04-13 21:33:42 DEBUG AddIfMutation:45 - The current condition will be replaced: channel == null
2020-04-13 21:33:42 DEBUG JRelifixEngine:121 - ==========> AFTER MUTATING
2020-04-13 21:33:44 DEBUG JRelifixEngine:124 - [COMPILE] Status: COMPILED
2020-04-13 21:33:44 INFO  TestExecutionProcessLauncher:59 - [Running] org.traccar.protocol.CastelProtocolDecoderTest#testDecode |
2020-04-13 21:33:44 DEBUG TestExecutionProcessLauncher:99 - Execute Command: /Library/Java/JavaVirtualMachines/jdk1.8.0_231.jdk/Contents/Home/jre/bin/java -cp /Users/cuong/bugswarm/code/tananaev/traccar/target/classes_temp:/Users/cuong/bugswarm/code/tananaev/traccar/target/test-classes:/Users/cuong/bugswarm/tananaev-traccar-64783123-libs/jetty-all-server-8.1.16.v20140903.jar:/Users/cuong/bugswarm/tananaev-traccar-64783123-libs/javax.json-1.0.4.jar:/Users/cuong/bugswarm/tananaev-traccar-64783123-libs/c3p0-0.9.5.jar:/Users/cuong/bugswarm/tananaev-traccar-64783123-libs/h2-1.4.186.jar:/Users/cuong/bugswarm/tananaev-traccar-64783123-libs/junit-4.12.jar:/Users/cuong/bugswarm/tananaev-traccar-64783123-libs/mchange-commons-java-0.2.9.jar:/Users/cuong/bugswarm/tananaev-traccar-64783123-libs/log4j-1.2.17.jar:/Users/cuong/bugswarm/tananaev-traccar-64783123-libs/javax.security.auth.message-1.0.0.v201108011116.jar:/Users/cuong/bugswarm/tananaev-traccar-64783123-libs/javax.activation-1.1.0.v201105071233.jar:/Users/cuong/bugswarm/tananaev-traccar-64783123-libs/hamcrest-core-1.3.jar:/Users/cuong/bugswarm/tananaev-traccar-64783123-libs/netty-3.10.1.Final.jar:/Users/cuong/bugswarm/tananaev-traccar-64783123-libs/javax.servlet-3.0.0.v201112011016.jar:/Users/cuong/bugswarm/tananaev-traccar-64783123-libs/mysql-connector-java-5.1.35.jar:/Users/cuong/bugswarm/tananaev-traccar-64783123-libs/javax.annotation-1.1.0.v201108011116.jar:/Users/cuong/bugswarm/tananaev-traccar-64783123-libs/postgresql-9.3-1103-jdbc4.jar:/Users/cuong/bugswarm/tananaev-traccar-64783123-libs:/Users/cuong/IdeaProjects/jrelifix/target/classes net.bqc.jrelifix.context.validation.executor.JUnitTestExecutor org.traccar.protocol.CastelProtocolDecoderTest#testDecode
2020-04-13 21:33:44 DEBUG TestExecutionProcessLauncher:105 - Test Runner Output: Failed/Total: 1/1
2020-04-13 21:33:44 DEBUG TestExecutionProcessLauncher:105 - Test Runner Output: Failure: null
2020-04-13 21:33:44 DEBUG TestExecutionProcessLauncher:105 - Test Runner Output:
2020-04-13 21:33:44 INFO  TestExecutionProcessLauncher:81 - [ × ] <-------------------------------------------------------------/
2020-04-13 21:33:44 DEBUG JRelifixEngine:128 -  ==> [VALIDATION] REDUCED TS: ×
2020-04-13 21:33:44 DEBUG JRelifixEngine:174 - [OPERATOR] Reuse: Queue(SWAP, NEGATE, REVERT, ADDCON, DELETE, CONVERT)
2020-04-13 21:33:44 DEBUG JRelifixEngine:102 - [OPERATOR] Try: SWAP
2020-04-13 21:33:44 DEBUG JRelifixEngine:102 - [OPERATOR] Try: NEGATE
2020-04-13 21:33:44 ERROR NegateMutation:32 - Not found any added atomic conditions in the fault statement! Give up...
2020-04-13 21:33:44 DEBUG JRelifixEngine:102 - [OPERATOR] Try: REVERT
2020-04-13 21:33:44 DEBUG JRelifixEngine:102 - [OPERATOR] Try: ADDCON
2020-04-13 21:33:44 DEBUG JRelifixEngine:60 - [OPERATOR PARAM] Chosen Condition: [ExpressionSeedIdentifier] channel != null
2020-04-13 21:33:44 DEBUG AddCon2ConStmtMutation:71 - The chosen condition to be combined with: channel == null
2020-04-13 21:33:44 DEBUG AddCon2ConStmtMutation:80 - Combining condition: (channel == null && channel != null)
2020-04-13 21:33:44 DEBUG JRelifixEngine:121 - ==========> AFTER MUTATING
2020-04-13 21:33:46 DEBUG JRelifixEngine:124 - [COMPILE] Status: COMPILED
2020-04-13 21:33:46 INFO  TestExecutionProcessLauncher:59 - [Running] org.traccar.protocol.CastelProtocolDecoderTest#testDecode |
2020-04-13 21:33:46 INFO  TestExecutionProcessLauncher:81 - [ ✓ ] <-------------------------------------------------------------/
2020-04-13 21:33:46 DEBUG JRelifixEngine:128 -  ==> [VALIDATION] REDUCED TS: ✓
2020-04-13 21:33:46 INFO  TestExecutionProcessLauncher:59 - [Running] org.traccar.protocol.CastelProtocolDecoderTest#testDecode |
2020-04-13 21:33:46 INFO  TestExecutionProcessLauncher:81 - [ ✓ ] <-------------------------------------------------------------/
2020-04-13 21:33:46 INFO  TestExecutionProcessLauncher:59 - [Running] org.traccar.FilterHandlerTest#testFilterInvalid |
2020-04-13 21:33:47 INFO  TestExecutionProcessLauncher:81 - [ ✓ ] <---------------------------------------------------/
2020-04-13 21:33:47 INFO  TestExecutionProcessLauncher:59 - [Running] org.traccar.protocol.Jt600ProtocolDecoderTest#testDecode |
2020-04-13 21:33:47 INFO  TestExecutionProcessLauncher:81 - [ ✓ ] <------------------------------------------------------------/
2020-04-13 21:33:47 INFO  TestExecutionProcessLauncher:59 - [Running] org.traccar.protocol.Stl060ProtocolDecoderTest#testDecode |
2020-04-13 21:33:47 INFO  TestExecutionProcessLauncher:81 - [ ✓ ] <-------------------------------------------------------------/
2020-04-13 21:33:47 INFO  TestExecutionProcessLauncher:59 - [Running] org.traccar.protocol.Ardi01ProtocolDecoderTest#testDecode |
2020-04-13 21:33:47 INFO  TestExecutionProcessLauncher:81 - [ ✓ ] <-------------------------------------------------------------/
2020-04-13 21:33:47 INFO  TestExecutionProcessLauncher:59 - [Running] org.traccar.protocol.ManPowerProtocolDecoderTest#testDecode |
2020-04-13 21:33:48 INFO  TestExecutionProcessLauncher:81 - [ ✓ ] <---------------------------------------------------------------/
2020-04-13 21:33:48 INFO  TestExecutionProcessLauncher:59 - [Running] org.traccar.protocol.KhdProtocolDecoderTest#testDecode |
2020-04-13 21:33:48 INFO  TestExecutionProcessLauncher:81 - [ ✓ ] <----------------------------------------------------------/
2020-04-13 21:33:48 INFO  TestExecutionProcessLauncher:59 - [Running] org.traccar.protocol.Xt013ProtocolDecoderTest#testDecode |
2020-04-13 21:33:48 INFO  TestExecutionProcessLauncher:81 - [ ✓ ] <------------------------------------------------------------/
2020-04-13 21:33:48 INFO  TestExecutionProcessLauncher:59 - [Running] org.traccar.protocol.Xt7ProtocolDecoderTest#testDecode |
2020-04-13 21:33:48 INFO  TestExecutionProcessLauncher:81 - [ ✓ ] <----------------------------------------------------------/
2020-04-13 21:33:48 INFO  TestExecutionProcessLauncher:59 - [Running] org.traccar.protocol.NavisProtocolDecoderTest#testDecode |
2020-04-13 21:33:48 INFO  TestExecutionProcessLauncher:81 - [ ✓ ] <------------------------------------------------------------/
2020-04-13 21:33:48 INFO  TestExecutionProcessLauncher:59 - [Running] org.traccar.protocol.CarTrackProtocolDecoderTest#testDecode |
2020-04-13 21:33:49 INFO  TestExecutionProcessLauncher:81 - [ ✓ ] <---------------------------------------------------------------/
2020-04-13 21:33:49 INFO  TestExecutionProcessLauncher:59 - [Running] org.traccar.protocol.MiniFinderProtocolDecoderTest#testDecode |
2020-04-13 21:33:49 INFO  TestExecutionProcessLauncher:81 - [ ✓ ] <-----------------------------------------------------------------/
2020-04-13 21:33:49 INFO  TestExecutionProcessLauncher:59 - [Running] org.traccar.protocol.T55ProtocolDecoderTest#testDecode |
2020-04-13 21:33:49 INFO  TestExecutionProcessLauncher:81 - [ ✓ ] <----------------------------------------------------------/
2020-04-13 21:33:49 INFO  TestExecutionProcessLauncher:59 - [Running] org.traccar.protocol.Pt502ProtocolDecoderTest#testDecode |
2020-04-13 21:33:49 INFO  TestExecutionProcessLauncher:81 - [ ✓ ] <------------------------------------------------------------/
2020-04-13 21:33:49 INFO  TestExecutionProcessLauncher:59 - [Running] org.traccar.protocol.TeltonikaProtocolDecoderTest#testDecode |
2020-04-13 21:33:49 INFO  TestExecutionProcessLauncher:81 - [ ✓ ] <----------------------------------------------------------------/
2020-04-13 21:33:49 INFO  TestExecutionProcessLauncher:59 - [Running] org.traccar.protocol.BceProtocolDecoderTest#testDecode |
2020-04-13 21:33:50 INFO  TestExecutionProcessLauncher:81 - [ ✓ ] <----------------------------------------------------------/
2020-04-13 21:33:50 INFO  TestExecutionProcessLauncher:59 - [Running] org.traccar.protocol.Gps103ProtocolDecoderTest#testDecode |
2020-04-13 21:33:50 INFO  TestExecutionProcessLauncher:81 - [ ✓ ] <-------------------------------------------------------------/
2020-04-13 21:33:50 INFO  TestExecutionProcessLauncher:59 - [Running] org.traccar.protocol.AplicomProtocolDecoderTest#testDecode |
2020-04-13 21:33:50 INFO  TestExecutionProcessLauncher:81 - [ ✓ ] <--------------------------------------------------------------/
2020-04-13 21:33:50 INFO  TestExecutionProcessLauncher:59 - [Running] org.traccar.protocol.Gl100ProtocolDecoderTest#testDecode |
2020-04-13 21:33:50 INFO  TestExecutionProcessLauncher:81 - [ ✓ ] <------------------------------------------------------------/
2020-04-13 21:33:50 INFO  TestExecutionProcessLauncher:59 - [Running] org.traccar.protocol.SanavProtocolDecoderTest#testDecode |
2020-04-13 21:33:51 INFO  TestExecutionProcessLauncher:81 - [ ✓ ] <------------------------------------------------------------/
2020-04-13 21:33:51 INFO  TestExecutionProcessLauncher:59 - [Running] org.traccar.protocol.NavigilProtocolDecoderTest#testDecode |
2020-04-13 21:33:51 INFO  TestExecutionProcessLauncher:81 - [ ✓ ] <--------------------------------------------------------------/
2020-04-13 21:33:51 INFO  TestExecutionProcessLauncher:59 - [Running] org.traccar.protocol.CarscopProtocolDecoderTest#testDecode |
2020-04-13 21:33:51 INFO  TestExecutionProcessLauncher:81 - [ ✓ ] <--------------------------------------------------------------/
2020-04-13 21:33:51 INFO  TestExecutionProcessLauncher:59 - [Running] org.traccar.protocol.RitiProtocolDecoderTest#testDecode |
2020-04-13 21:33:51 INFO  TestExecutionProcessLauncher:81 - [ ✓ ] <-----------------------------------------------------------/
2020-04-13 21:33:51 INFO  TestExecutionProcessLauncher:59 - [Running] org.traccar.protocol.MtxProtocolDecoderTest#testDecode |
2020-04-13 21:33:51 INFO  TestExecutionProcessLauncher:81 - [ ✓ ] <----------------------------------------------------------/
2020-04-13 21:33:51 INFO  TestExecutionProcessLauncher:59 - [Running] org.traccar.protocol.XirgoProtocolDecoderTest#testDecode |
2020-04-13 21:33:52 INFO  TestExecutionProcessLauncher:81 - [ ✓ ] <------------------------------------------------------------/
2020-04-13 21:33:52 INFO  TestExecutionProcessLauncher:59 - [Running] org.traccar.protocol.AtrackProtocolDecoderTest#testDecode |
2020-04-13 21:33:52 INFO  TestExecutionProcessLauncher:81 - [ ✓ ] <-------------------------------------------------------------/
2020-04-13 21:33:52 INFO  TestExecutionProcessLauncher:59 - [Running] org.traccar.protocol.GotopProtocolDecoderTest#testDecode |
2020-04-13 21:33:52 INFO  TestExecutionProcessLauncher:81 - [ ✓ ] <------------------------------------------------------------/
2020-04-13 21:33:52 INFO  TestExecutionProcessLauncher:59 - [Running] org.traccar.protocol.YwtProtocolDecoderTest#testDecode |
2020-04-13 21:33:52 INFO  TestExecutionProcessLauncher:81 - [ ✓ ] <----------------------------------------------------------/
2020-04-13 21:33:52 INFO  TestExecutionProcessLauncher:59 - [Running] org.traccar.protocol.GoSafeProtocolDecoderTest#testDecode |
2020-04-13 21:33:52 INFO  TestExecutionProcessLauncher:81 - [ ✓ ] <-------------------------------------------------------------/
2020-04-13 21:33:52 INFO  TestExecutionProcessLauncher:59 - [Running] org.traccar.protocol.Xexun2ProtocolDecoderTest#testDecode |
2020-04-13 21:33:53 INFO  TestExecutionProcessLauncher:81 - [ ✓ ] <-------------------------------------------------------------/
2020-04-13 21:33:53 INFO  TestExecutionProcessLauncher:59 - [Running] org.traccar.protocol.XexunProtocolDecoderTest#testDecode |
2020-04-13 21:33:53 INFO  TestExecutionProcessLauncher:81 - [ ✓ ] <------------------------------------------------------------/
2020-04-13 21:33:53 INFO  TestExecutionProcessLauncher:59 - [Running] org.traccar.protocol.EnforaProtocolDecoderTest#testDecode |
2020-04-13 21:33:53 INFO  TestExecutionProcessLauncher:81 - [ ✓ ] <-------------------------------------------------------------/
2020-04-13 21:33:53 INFO  TestExecutionProcessLauncher:59 - [Running] org.traccar.protocol.MegastekProtocolDecoderTest#testDecode |
2020-04-13 21:33:53 INFO  TestExecutionProcessLauncher:81 - [ ✓ ] <---------------------------------------------------------------/
2020-04-13 21:33:53 INFO  TestExecutionProcessLauncher:59 - [Running] org.traccar.protocol.Tr20ProtocolDecoderTest#testDecode |
2020-04-13 21:33:53 INFO  TestExecutionProcessLauncher:81 - [ ✓ ] <-----------------------------------------------------------/
2020-04-13 21:33:53 INFO  TestExecutionProcessLauncher:59 - [Running] org.traccar.protocol.TopflytechProtocolDecoderTest#testDecode |
2020-04-13 21:33:53 INFO  TestExecutionProcessLauncher:81 - [ ✓ ] <-----------------------------------------------------------------/
2020-04-13 21:33:53 INFO  TestExecutionProcessLauncher:59 - [Running] org.traccar.protocol.SkypatrolProtocolDecoderTest#testDecode |
2020-04-13 21:33:54 INFO  TestExecutionProcessLauncher:81 - [ ✓ ] <----------------------------------------------------------------/
2020-04-13 21:33:54 INFO  TestExecutionProcessLauncher:59 - [Running] org.traccar.protocol.PiligrimProtocolDecoderTest#testDecode |
2020-04-13 21:33:54 INFO  TestExecutionProcessLauncher:81 - [ ✓ ] <---------------------------------------------------------------/
2020-04-13 21:33:54 INFO  TestExecutionProcessLauncher:59 - [Running] org.traccar.protocol.SuntechProtocolDecoderTest#testDecode |
2020-04-13 21:33:54 INFO  TestExecutionProcessLauncher:81 - [ ✓ ] <--------------------------------------------------------------/
2020-04-13 21:33:54 INFO  TestExecutionProcessLauncher:59 - [Running] org.traccar.protocol.GlobalSatProtocolDecoderTest#testDecode |
2020-04-13 21:33:54 INFO  TestExecutionProcessLauncher:81 - [ ✓ ] <----------------------------------------------------------------/
2020-04-13 21:33:54 INFO  TestExecutionProcessLauncher:59 - [Running] org.traccar.protocol.ProgressProtocolDecoderTest#testDecode |
2020-04-13 21:33:54 INFO  TestExecutionProcessLauncher:81 - [ ✓ ] <---------------------------------------------------------------/
2020-04-13 21:33:54 INFO  TestExecutionProcessLauncher:59 - [Running] org.traccar.protocol.SyrusProtocolDecoderTest#testDecode |
2020-04-13 21:33:55 INFO  TestExecutionProcessLauncher:81 - [ ✓ ] <------------------------------------------------------------/
2020-04-13 21:33:55 INFO  TestExecutionProcessLauncher:59 - [Running] org.traccar.protocol.TelikProtocolDecoderTest#testDecode |
2020-04-13 21:33:55 INFO  TestExecutionProcessLauncher:81 - [ ✓ ] <------------------------------------------------------------/
2020-04-13 21:33:55 INFO  TestExecutionProcessLauncher:59 - [Running] org.traccar.protocol.AutoFon45ProtocolDecoderTest#testDecode |
2020-04-13 21:33:55 INFO  TestExecutionProcessLauncher:81 - [ ✓ ] <----------------------------------------------------------------/
2020-04-13 21:33:55 INFO  TestExecutionProcessLauncher:59 - [Running] org.traccar.protocol.Gl200ProtocolDecoderTest#testDecode |
2020-04-13 21:33:55 INFO  TestExecutionProcessLauncher:81 - [ ✓ ] <------------------------------------------------------------/
2020-04-13 21:33:55 INFO  TestExecutionProcessLauncher:59 - [Running] org.traccar.protocol.ApelProtocolDecoderTest#testDecode |
2020-04-13 21:33:55 INFO  TestExecutionProcessLauncher:81 - [ ✓ ] <-----------------------------------------------------------/
2020-04-13 21:33:55 INFO  TestExecutionProcessLauncher:59 - [Running] org.traccar.protocol.Tr900ProtocolDecoderTest#testDecode |
2020-04-13 21:33:56 INFO  TestExecutionProcessLauncher:81 - [ ✓ ] <------------------------------------------------------------/
2020-04-13 21:33:56 INFO  TestExecutionProcessLauncher:59 - [Running] org.traccar.protocol.EelinkProtocolDecoderTest#testDecode |
2020-04-13 21:33:56 INFO  TestExecutionProcessLauncher:81 - [ ✓ ] <-------------------------------------------------------------/
2020-04-13 21:33:56 INFO  TestExecutionProcessLauncher:59 - [Running] org.traccar.protocol.TrackboxProtocolDecoderTest#testDecode |
2020-04-13 21:33:56 INFO  TestExecutionProcessLauncher:81 - [ ✓ ] <---------------------------------------------------------------/
2020-04-13 21:33:56 INFO  TestExecutionProcessLauncher:59 - [Running] org.traccar.protocol.Tlt2hProtocolDecoderTest#testDecode |
2020-04-13 21:33:56 INFO  TestExecutionProcessLauncher:81 - [ ✓ ] <------------------------------------------------------------/
2020-04-13 21:33:56 INFO  TestExecutionProcessLauncher:59 - [Running] org.traccar.protocol.GalileoProtocolDecoderTest#testDecode |
2020-04-13 21:33:56 INFO  TestExecutionProcessLauncher:81 - [ ✓ ] <--------------------------------------------------------------/
2020-04-13 21:33:56 INFO  TestExecutionProcessLauncher:59 - [Running] org.traccar.protocol.IntellitracProtocolDecoderTest#testDecode |
2020-04-13 21:33:57 INFO  TestExecutionProcessLauncher:81 - [ ✓ ] <------------------------------------------------------------------/
2020-04-13 21:33:57 INFO  TestExecutionProcessLauncher:59 - [Running] org.traccar.protocol.TramigoProtocolDecoderTest#testDecode |
2020-04-13 21:33:57 INFO  TestExecutionProcessLauncher:81 - [ ✓ ] <--------------------------------------------------------------/
2020-04-13 21:33:57 INFO  TestExecutionProcessLauncher:59 - [Running] org.traccar.protocol.MeiligaoProtocolDecoderTest#testDecode |
2020-04-13 21:33:57 INFO  TestExecutionProcessLauncher:81 - [ ✓ ] <---------------------------------------------------------------/
2020-04-13 21:33:57 INFO  TestExecutionProcessLauncher:59 - [Running] org.traccar.protocol.FreedomProtocolDecoderTest#testDecode |
2020-04-13 21:33:57 INFO  TestExecutionProcessLauncher:81 - [ ✓ ] <--------------------------------------------------------------/
2020-04-13 21:33:57 INFO  TestExecutionProcessLauncher:59 - [Running] org.traccar.protocol.LaipacProtocolDecoderTest#testDecode |
2020-04-13 21:33:57 INFO  TestExecutionProcessLauncher:81 - [ ✓ ] <-------------------------------------------------------------/
2020-04-13 21:33:57 INFO  TestExecutionProcessLauncher:59 - [Running] org.traccar.protocol.AutoFonProtocolDecoderTest#testDecode |
2020-04-13 21:33:58 INFO  TestExecutionProcessLauncher:81 - [ ✓ ] <--------------------------------------------------------------/
2020-04-13 21:33:58 INFO  TestExecutionProcessLauncher:59 - [Running] org.traccar.protocol.WondexProtocolDecoderTest#testDecode |
2020-04-13 21:33:58 INFO  TestExecutionProcessLauncher:81 - [ ✓ ] <-------------------------------------------------------------/
2020-04-13 21:33:58 INFO  TestExecutionProcessLauncher:59 - [Running] org.traccar.protocol.Tk102ProtocolDecoderTest#testDecode |
2020-04-13 21:33:58 INFO  TestExecutionProcessLauncher:81 - [ ✓ ] <------------------------------------------------------------/
2020-04-13 21:33:58 INFO  TestExecutionProcessLauncher:59 - [Running] org.traccar.protocol.Avl301ProtocolDecoderTest#testDecode |
2020-04-13 21:33:58 INFO  TestExecutionProcessLauncher:81 - [ ✓ ] <-------------------------------------------------------------/
2020-04-13 21:33:58 INFO  TestExecutionProcessLauncher:59 - [Running] org.traccar.protocol.OrionProtocolDecoderTest#testDecode |
2020-04-13 21:33:58 INFO  TestExecutionProcessLauncher:81 - [ ✓ ] <------------------------------------------------------------/
2020-04-13 21:33:58 INFO  TestExecutionProcessLauncher:59 - [Running] org.traccar.protocol.Pt3000ProtocolDecoderTest#testDecode |
2020-04-13 21:33:59 INFO  TestExecutionProcessLauncher:81 - [ ✓ ] <-------------------------------------------------------------/
2020-04-13 21:33:59 INFO  TestExecutionProcessLauncher:59 - [Running] org.traccar.protocol.TotemProtocolDecoderTest#testDecode |
2020-04-13 21:33:59 INFO  TestExecutionProcessLauncher:81 - [ ✓ ] <------------------------------------------------------------/
2020-04-13 21:33:59 INFO  TestExecutionProcessLauncher:59 - [Running] org.traccar.protocol.NoranProtocolDecoderTest#testDecode |
2020-04-13 21:33:59 INFO  TestExecutionProcessLauncher:81 - [ ✓ ] <------------------------------------------------------------/
2020-04-13 21:33:59 INFO  TestExecutionProcessLauncher:59 - [Running] org.traccar.protocol.CellocatorProtocolDecoderTest#testDecode |
2020-04-13 21:33:59 INFO  TestExecutionProcessLauncher:81 - [ ✓ ] <-----------------------------------------------------------------/
2020-04-13 21:33:59 INFO  TestExecutionProcessLauncher:59 - [Running] org.traccar.protocol.GpsGateProtocolDecoderTest#testDecode |
2020-04-13 21:33:59 INFO  TestExecutionProcessLauncher:81 - [ ✓ ] <--------------------------------------------------------------/
2020-04-13 21:33:59 INFO  TestExecutionProcessLauncher:59 - [Running] org.traccar.protocol.RuptelaProtocolDecoderTest#testDecode |
2020-04-13 21:34:00 INFO  TestExecutionProcessLauncher:81 - [ ✓ ] <--------------------------------------------------------------/
2020-04-13 21:34:00 INFO  TestExecutionProcessLauncher:59 - [Running] org.traccar.protocol.Tk103ProtocolDecoderTest#testDecode |
2020-04-13 21:34:00 INFO  TestExecutionProcessLauncher:81 - [ ✓ ] <------------------------------------------------------------/
2020-04-13 21:34:00 INFO  TestExecutionProcessLauncher:59 - [Running] org.traccar.protocol.TytanProtocolDecoderTest#testDecode |
2020-04-13 21:34:00 INFO  TestExecutionProcessLauncher:81 - [ ✓ ] <------------------------------------------------------------/
2020-04-13 21:34:00 INFO  TestExecutionProcessLauncher:59 - [Running] org.traccar.protocol.OsmAndProtocolDecoderTest#testDecode |
2020-04-13 21:34:00 INFO  TestExecutionProcessLauncher:81 - [ ✓ ] <-------------------------------------------------------------/
2020-04-13 21:34:00 INFO  TestExecutionProcessLauncher:59 - [Running] org.traccar.protocol.Gt02ProtocolDecoderTest#testDecode |
2020-04-13 21:34:00 INFO  TestExecutionProcessLauncher:81 - [ ✓ ] <-----------------------------------------------------------/
2020-04-13 21:34:00 INFO  TestExecutionProcessLauncher:59 - [Running] org.traccar.protocol.Gt06ProtocolDecoderTest#testDecode |
2020-04-13 21:34:01 INFO  TestExecutionProcessLauncher:81 - [ ✓ ] <-----------------------------------------------------------/
2020-04-13 21:34:01 INFO  TestExecutionProcessLauncher:59 - [Running] org.traccar.protocol.MeitrackProtocolDecoderTest#testDecode |
2020-04-13 21:34:01 INFO  TestExecutionProcessLauncher:81 - [ ✓ ] <---------------------------------------------------------------/
2020-04-13 21:34:01 INFO  TestExecutionProcessLauncher:59 - [Running] org.traccar.protocol.WialonProtocolDecoderTest#testDecode |
2020-04-13 21:34:01 INFO  TestExecutionProcessLauncher:81 - [ ✓ ] <-------------------------------------------------------------/
2020-04-13 21:34:01 INFO  TestExecutionProcessLauncher:59 - [Running] org.traccar.protocol.V680ProtocolDecoderTest#testDecode |
2020-04-13 21:34:01 INFO  TestExecutionProcessLauncher:81 - [ ✓ ] <-----------------------------------------------------------/
2020-04-13 21:34:01 INFO  TestExecutionProcessLauncher:59 - [Running] org.traccar.protocol.HaicomProtocolDecoderTest#testDecode |
2020-04-13 21:34:01 INFO  TestExecutionProcessLauncher:81 - [ ✓ ] <-------------------------------------------------------------/
2020-04-13 21:34:01 INFO  TestExecutionProcessLauncher:59 - [Running] org.traccar.protocol.M2mProtocolDecoderTest#testDecode |
2020-04-13 21:34:02 INFO  TestExecutionProcessLauncher:81 - [ ✓ ] <----------------------------------------------------------/
2020-04-13 21:34:02 INFO  TestExecutionProcessLauncher:59 - [Running] org.traccar.protocol.UlbotechProtocolDecoderTest#testDecode |
2020-04-13 21:34:02 INFO  TestExecutionProcessLauncher:81 - [ ✓ ] <---------------------------------------------------------------/
2020-04-13 21:34:02 INFO  TestExecutionProcessLauncher:59 - [Running] org.traccar.protocol.EasyTrackProtocolDecoderTest#testDecode |
2020-04-13 21:34:02 INFO  TestExecutionProcessLauncher:81 - [ ✓ ] <----------------------------------------------------------------/
2020-04-13 21:34:02 INFO  TestExecutionProcessLauncher:59 - [Running] org.traccar.protocol.CalAmpProtocolDecoderTest#testDecode |
2020-04-13 21:34:02 INFO  TestExecutionProcessLauncher:81 - [ ✓ ] <-------------------------------------------------------------/
2020-04-13 21:34:02 INFO  TestExecutionProcessLauncher:59 - [Running] org.traccar.protocol.GatorProtocolDecoderTest#testDecode |
2020-04-13 21:34:02 INFO  TestExecutionProcessLauncher:81 - [ ✓ ] <------------------------------------------------------------/
2020-04-13 21:34:02 INFO  TestExecutionProcessLauncher:59 - [Running] org.traccar.protocol.VisiontekProtocolDecoderTest#testDecode |
2020-04-13 21:34:03 INFO  TestExecutionProcessLauncher:81 - [ ✓ ] <----------------------------------------------------------------/
2020-04-13 21:34:03 INFO  TestExecutionProcessLauncher:59 - [Running] org.traccar.protocol.BoxProtocolDecoderTest#testDecode |
2020-04-13 21:34:03 INFO  TestExecutionProcessLauncher:81 - [ ✓ ] <----------------------------------------------------------/
2020-04-13 21:34:03 INFO  TestExecutionProcessLauncher:59 - [Running] org.traccar.protocol.Ev603ProtocolDecoderTest#testDecode |
2020-04-13 21:34:03 INFO  TestExecutionProcessLauncher:81 - [ ✓ ] <------------------------------------------------------------/
2020-04-13 21:34:03 INFO  TestExecutionProcessLauncher:59 - [Running] org.traccar.protocol.H02ProtocolDecoderTest#testDecode |
2020-04-13 21:34:03 INFO  TestExecutionProcessLauncher:81 - [ ✓ ] <----------------------------------------------------------/
2020-04-13 21:34:03 INFO  TestExecutionProcessLauncher:59 - [Running] org.traccar.DetectorHandlerTest#testCheckPipeline |
2020-04-13 21:34:03 INFO  TestExecutionProcessLauncher:81 - [ ✓ ] <-----------------------------------------------------/
2020-04-13 21:34:03 INFO  TestExecutionProcessLauncher:59 - [Running] org.traccar.model.MiscFormatterTest#testToString |
2020-04-13 21:34:04 INFO  TestExecutionProcessLauncher:81 - [ ✓ ] <----------------------------------------------------/
2020-04-13 21:34:04 INFO  TestExecutionProcessLauncher:59 - [Running] org.traccar.helper.DIstanceCalculatorTest#testDistance |
2020-04-13 21:34:04 INFO  TestExecutionProcessLauncher:81 - [ ✓ ] <----------------------------------------------------------/
2020-04-13 21:34:04 INFO  TestExecutionProcessLauncher:59 - [Running] org.traccar.helper.ChannelBufferToolsTest#testFind |
2020-04-13 21:34:04 INFO  TestExecutionProcessLauncher:81 - [ ✓ ] <------------------------------------------------------/
2020-04-13 21:34:04 INFO  TestExecutionProcessLauncher:59 - [Running] org.traccar.helper.ChannelBufferToolsTest#testReadHexInteger |
2020-04-13 21:34:04 INFO  TestExecutionProcessLauncher:81 - [ ✓ ] <----------------------------------------------------------------/
2020-04-13 21:34:04 INFO  TestExecutionProcessLauncher:59 - [Running] org.traccar.helper.ChannelBufferToolsTest#testReadHexString |
2020-04-13 21:34:04 INFO  TestExecutionProcessLauncher:81 - [ ✓ ] <---------------------------------------------------------------/
2020-04-13 21:34:04 INFO  TestExecutionProcessLauncher:59 - [Running] org.traccar.helper.ChannelBufferToolsTest#convertHexStringTest |
2020-04-13 21:34:04 INFO  TestExecutionProcessLauncher:81 - [ ✓ ] <------------------------------------------------------------------/
2020-04-13 21:34:04 INFO  TestExecutionProcessLauncher:59 - [Running] org.traccar.geocode.AddressFormatTest#testFormat |
2020-04-13 21:34:05 INFO  TestExecutionProcessLauncher:81 - [ ✓ ] <----------------------------------------------------/
2020-04-13 21:34:05 DEBUG JRelifixEngine:131 - ==> [VALIDATION] WHOLE TS: ✓
2020-04-13 21:34:05 DEBUG JRelifixEngine:133 - ==========================================
2020-04-13 21:34:05 DEBUG JRelifixEngine:134 - FOUND A REPAIR (See below patch):
2020-04-13 21:34:05 DEBUG JRelifixEngine:144 - ------------------------------------------
--- src/org/traccar/protocol/CastelProtocolDecoder.java
+++ src/org/traccar/protocol/CastelProtocolDecoder.java
@@ -80,7 +80,7 @@
                 return null;
             } else if (type == MSG_LOGIN) {

-                if (channel == null) {
+                if ((channel == null && channel != null)) {
                     ChannelBuffer response = ChannelBuffers.directBuffer(ByteOrder.LITTLE_ENDIAN, 41);
                     response.writeByte(0x40); response.writeByte(0x40);
                     response.writeShort(response.capacity());

2020-04-13 21:34:05 DEBUG JRelifixEngine:147 - ==========================================
2020-04-13 21:34:05 INFO  JRelifixMain$:110 - Done Repair!