--rootProjectFolder
/Users/cuong/bugswarm/code/owlcs/owlapi
--projectFolder
/Users/cuong/bugswarm/code/owlcs/owlapi/contract
--depClasspath
/Users/cuong/bugswarm/code/owlcs/owlapi/contract/target/classes:/Users/cuong/bugswarm/code/dependency
--sourceFolder
../api/src/main/java
--testFolder
src/test/java
--sourceClassFolder
../api/target/classes
--testClassFolder
target/test-classes
--bugInducingCommit
HEAD
--topNFaults
10
--reducedTests
org.semanticweb.owlapi.api.test.NNFTestCase,org.semanticweb.owlapi.api.test.OWLObjectComponentCollectorTestCase,org.semanticweb.owlapi.api.test.StructuralTransformationTestCase,org.semanticweb.owlapi.api.test.VisitorsTestCase
--ignoredTests
org.semanticweb.owlapi.api.test.literals.OWLLiteralCorruptionTestCase#shouldFailOnMalformedXMLLiteral,org.semanticweb.owlapi.api.test.individuals.RelativeURITestCase#shouldThrowMeaningfulException
--faultLines
"org.semanticweb.owlapi.util.SimpleRenderer:751 751 9 39"