--rootProjectFolder
/Users/cuong/bugswarm/code/raphw/byte-buddy
--projectFolder
/Users/cuong/bugswarm/code/raphw/byte-buddy/byte-buddy-dep
--depClasspath
/Users/cuong/bugswarm/code/dependency
--sourceFolder
src/main/java
--testFolder
src/test/java
--sourceClassFolder
target/classes
--testClassFolder
target/test-classes
--bugInducingCommit
3979b74c6c270c33125a8c8ae1279bc9bfb6356d
--topNFaults
10
--reducedTests
net.bytebuddy.dynamic.ClassFileLocatorForClassLoaderTest#testReadTypeBootstrapClassLoader
--faultLines
"net.bytebuddy.dynamic.ForClassLoader:301 301 17 99"